<?xml version="1.0" encoding="UTF-8"?>
<!-- Generated by org.testng.reporters.JUnitReportReporter -->
<testsuite hostname="Misha-PC" name="com.privacyfix.tests.FirstTest" tests="1" failures="0" timestamp="3 Sep 2014 18:33:08 GMT" time="7.753" errors="0">
  <testcase name="testMethod" time="7.753" classname="com.privacyfix.tests.FirstTest"/>
</testsuite> <!-- com.privacyfix.tests.FirstTest -->
